# Output file from SEISAN Explorer
# 
# The values between the separators are:
# Latitude
# Longitude
# Depth
# Main magnitude
# Date
# Time
#
6.823;-73.153;157.8;4.2;2015-01-14;18:51:06.3;
6.852;-73.135;143.8;3.5;2015-01-15;21:46:01.1;
6.797;-73.141;150.4;3.6;2015-01-17;13:38:45.9;
6.825;-73.139;155.1;3.6;2015-01-21;23:15:20.2;
6.83;-73.176;154.9;4.6;2015-01-25;10:15:46.4;
6.812;-73.162;153.1;3.5;2015-01-29;04:59:27.5;
6.822;-73.16;152;3.2;2015-01-29;20:10:14.3;
6.771;-72.986;158;3.8;2015-02-06;13:33:54.7;
6.821;-73.175;152;4.7;2015-02-13;04:45:27.4;
6.796;-73.221;151.4;3.6;2015-02-13;23:39:35.2;
6.816;-73.188;143.5;4.1;2015-02-20;17:54:57.8;
6.82;-73.092;150.6;4.1;2015-02-21;02:14:10.8;
6.788;-73.203;158.3;4.5;2015-02-24;04:29:57.4;
6.776;-73.233;147.8;3.7;2015-03-02;06:13:46.5;
6.799;-73.166;142.6;3.3;2015-03-04;03:16:32.1;
6.791;-73.149;150;3.7;2015-03-08;00:26:08.6;
6.793;-73.212;162.4;6.3;2015-03-10;20:55:44;
6.801;-73.214;151.5;3.5;2015-03-11;19:51:09.2;
6.754;-73.203;158.9;4.3;2015-03-14;08:05:56.5;
6.836;-73.129;148.1;3.5;2015-03-21;09:57:00;
6.745;-73.205;161;5.2;2015-03-22;22:27:36.2;
6.828;-73.149;155.9;4.5;2015-03-24;20:52:27.5;
6.835;-73.134;152;3.8;2015-03-25;08:04:49.4;
6.836;-73.155;150;3.7;2015-04-06;22:20:36.3;
6.841;-73.13;152.7;3.7;2015-04-07;02:11:25.9;
6.4;-73.278;2;4.4;2015-04-11;04:29:00.7;
6.802;-73.078;150.8;3.6;2015-04-12;13:44:57.2;
6.834;-73.111;141.2;3.6;2015-04-20;22:11:31.8;
6.806;-73.112;144;3.5;2015-04-27;06:36:48;
6.82;-73.122;146.7;4.2;2015-04-27;22:28:00.8;
6.809;-73.143;141.7;4.5;2015-05-02;09:51:44.3;
6.801;-73.124;150.4;4;2015-05-04;02:10:30.2;
6.804;-73.104;151.2;4.1;2015-05-07;11:49:43.3;
6.836;-73.146;144.8;3.6;2015-05-12;15:32:30;
6.794;-73.137;149.8;3.4;2015-05-18;04:55:11.9;
6.825;-73.113;151.5;3.7;2015-05-23;07:55:45.4;
6.796;-73.118;149.7;3.5;2015-05-31;12:34:43.9;
6.799;-73.038;149.7;3.9;2015-06-10;23:46:00.8;
6.801;-73.103;142.8;3.7;2015-06-11;05:35:55.4;
6.812;-73.11;152;3.8;2015-06-13;15:46:37.6;
6.851;-73.102;147.4;3.7;2015-06-14;19:13:51.4;
6.794;-73.121;149;3.6;2015-06-15;11:34:45;
6.502;-73.274;160;3.8;2015-06-19;09:07:20.7;
6.798;-73.08;148;3.6;2015-06-20;09:09:39.1;
6.832;-73.085;160;4.1;2015-06-22;00:25:26.5;
6.828;-73.106;148.2;3.7;2015-06-23;12:42:51.8;
6.827;-73.121;142.5;3.6;2015-06-29;22:24:07.7;
6.816;-73.083;146;4.5;2015-07-01;05:55:26.3;
6.828;-73.1;148.1;3.7;2015-07-01;06:23:49.1;
6.769;-73.097;148;3.7;2015-07-03;15:25:53.6;
6.827;-73.09;154;4.2;2015-07-05;08:54:21.7;
6.816;-73.109;148;3.7;2015-07-14;05:46:00.3;
6.78;-73.106;153.8;4.6;2015-07-14;23:26:57.4;
6.812;-73.133;143.6;3.8;2015-07-18;12:34:42.5;
6.81;-73.145;144.1;3.6;2015-07-26;09:35:39.1;
6.823;-73.119;152;3.9;2015-07-26;10:13:05.9;
6.795;-73.038;151.2;4.1;2015-07-26;13:09:22.4;
6.837;-73.123;146;3.5;2015-07-27;06:57:54.8;
6.798;-73.121;149.9;3.6;2015-07-29;10:37:22.6;
6.829;-73.083;152;4;2015-08-04;15:55:47.4;
6.843;-73.103;155.8;3.3;2015-08-05;07:43:24.3;
6.832;-73.147;146;3.8;2015-08-06;21:41:42;
6.817;-73.134;148.6;3.5;2015-08-10;16:02:12.3;
6.844;-73.126;139.9;4;2015-08-10;19:17:28.1;
6.802;-73.142;148.7;4.1;2015-08-12;20:16:43.3;
6.828;-73.105;138.3;3.5;2015-08-23;08:43:48.5;
6.81;-73.107;150.5;3.8;2015-08-24;07:04:46.9;
6.801;-73.166;150.7;3.8;2015-08-29;14:22:37.4;
6.799;-73.115;152.9;4.1;2015-08-30;15:13:12.5;
6.841;-73.147;150.9;3.7;2015-09-01;11:32:27.4;
6.805;-73.121;143.7;3.7;2015-09-07;15:55:46.4;
6.82;-73.131;151.2;4.4;2015-09-07;17:35:31.5;
6.821;-73.119;148.5;3.5;2015-09-12;14:25:34.4;
6.809;-73.103;146.6;3.5;2015-09-15;04:16:50.7;
6.808;-73.135;152.5;3.6;2015-09-20;14:29:23;
6.535;-73.539;138.9;4.2;2015-09-23;18:47:22.9;
6.812;-73.125;151.4;3.2;2015-10-01;01:59:01.5;
6.801;-73.127;152.2;3.5;2015-10-02;13:57:32.7;
6.806;-73.135;144.5;3.5;2015-10-05;21:20:24.9;
6.791;-73.16;149.4;3.7;2015-10-06;19:53:20.5;
6.821;-73.133;152;3.7;2015-10-07;14:35:48;
6.835;-73.134;150;3.9;2015-10-17;05:53:44.9;
6.798;-73.156;148;3.6;2015-10-21;09:00:50.1;
6.804;-73.11;152.9;3.4;2015-10-26;15:37:15.5;
6.827;-73.097;156.2;4.2;2015-10-29;00:34:22.9;
6.808;-73.138;154.3;4.3;2015-10-29;22:40:25;
7.448;-73.202;134.5;3.4;2015-11-08;18:50:08.9;
6.818;-73.154;140.4;3.4;2015-11-15;13:33:42.4;
6.818;-73.128;150.9;3.8;2015-11-19;20:19:33.1;
6.831;-73.104;154;3.7;2015-11-26;13:40:09.2;
6.839;-73.149;154;4.9;2015-11-28;17:45:03.7;
6.836;-73.126;155.3;3.9;2015-11-30;21:51:48.5;
6.823;-73.114;152;3.4;2015-12-02;20:03:58;
6.855;-73.124;154;3.4;2015-12-07;19:26:33.1;
6.821;-73.138;151.4;4;2015-12-09;18:10:22.9;
6.821;-73.154;147.4;3.6;2015-12-24;19:13:56.8;
6.831;-73.136;152.4;4.2;2015-12-26;13:04:59.5;
6.803;-73.144;139.2;3.6;2015-12-29;20:10:57.6;
